<?xml version="1.0" encoding="UTF-8"?>
<testsuite xmlns:xsi="http://www.w3.org/2001/XMLSchema-instance" xsi:noNamespaceSchemaLocation="https://maven.apache.org/surefire/maven-surefire-plugin/xsd/surefire-test-report.xsd" name="com.technokrat.gecko.AppTest" time="0.003" tests="1" errors="0" skipped="0" failures="0">
  <properties>
    <property name="java.specification.version" value="13"/>
    <property name="sun.jnu.encoding" value="UTF-8"/>
    <property name="java.class.path" value="/home/yatekii/repos/geckocircuits-code/gecko/target/test-classes:/home/yatekii/repos/geckocircuits-code/gecko/target/classes:/home/yatekii/.m2/repository/junit/junit/3.8.1/junit-3.8.1.jar:/home/yatekii/.m2/repository/de/sciss/jsyntaxpane/1.0.0/jsyntaxpane-1.0.0.jar:/home/yatekii/.m2/repository/edu/emory/mathcs/JTransforms/2.4/JTransforms-2.4.jar:/home/yatekii/.m2/repository/net/sourceforge/jwbf/3.1.1/jwbf-3.1.1.jar:/home/yatekii/.m2/repository/org/jdom/jdom2/2.0.5/jdom2-2.0.5.jar:/home/yatekii/.m2/repository/com/fasterxml/jackson/core/jackson-core/2.4.3/jackson-core-2.4.3.jar:/home/yatekii/.m2/repository/com/fasterxml/jackson/core/jackson-databind/2.4.3/jackson-databind-2.4.3.jar:/home/yatekii/.m2/repository/com/fasterxml/jackson/core/jackson-annotations/2.4.0/jackson-annotations-2.4.0.jar:/home/yatekii/.m2/repository/org/apache/httpcomponents/httpclient/4.3.4/httpclient-4.3.4.jar:/home/yatekii/.m2/repository/org/apache/httpcomponents/httpcore/4.3.2/httpcore-4.3.2.jar:/home/yatekii/.m2/repository/commons-logging/commons-logging/1.1.3/commons-logging-1.1.3.jar:/home/yatekii/.m2/repository/commons-codec/commons-codec/1.6/commons-codec-1.6.jar:/home/yatekii/.m2/repository/org/apache/httpcomponents/fluent-hc/4.3.4/fluent-hc-4.3.4.jar:/home/yatekii/.m2/repository/org/apache/httpcomponents/httpmime/4.3.4/httpmime-4.3.4.jar:/home/yatekii/.m2/repository/org/apache/commons/commons-lang3/3.3.2/commons-lang3-3.3.2.jar:/home/yatekii/.m2/repository/org/slf4j/slf4j-api/1.7.7/slf4j-api-1.7.7.jar:/home/yatekii/.m2/repository/javax/inject/javax.inject/1/javax.inject-1.jar:/home/yatekii/.m2/repository/com/google/guava/guava/18.0/guava-18.0.jar:/home/yatekii/.m2/repository/com/google/code/findbugs/jsr305/3.0.0/jsr305-3.0.0.jar:/home/yatekii/.m2/repository/log4j/log4j/1.2.17/log4j-1.2.17.jar:/home/yatekii/.m2/repository/org/apache/xmlgraphics/batik-svggen/1.7/batik-svggen-1.7.jar:/home/yatekii/.m2/repository/org/apache/xmlgraphics/batik-awt-util/1.7/batik-awt-util-1.7.jar:/home/yatekii/.m2/repository/org/apache/xmlgraphics/batik-util/1.7/batik-util-1.7.jar:/home/yatekii/.m2/repository/xml-apis/xml-apis/1.3.04/xml-apis-1.3.04.jar:/home/yatekii/.m2/repository/org/apache/xmlgraphics/batik-dom/1.7/batik-dom-1.7.jar:/home/yatekii/.m2/repository/org/apache/xmlgraphics/batik-css/1.7/batik-css-1.7.jar:/home/yatekii/.m2/repository/org/apache/xmlgraphics/batik-ext/1.7/batik-ext-1.7.jar:/home/yatekii/.m2/repository/org/apache/xmlgraphics/batik-xml/1.7/batik-xml-1.7.jar:/home/yatekii/.m2/repository/xalan/xalan/2.6.0/xalan-2.6.0.jar:/home/yatekii/.m2/repository/xml-apis/xml-apis-ext/1.3.04/xml-apis-ext-1.3.04.jar:/home/yatekii/.m2/repository/org/apache/xmlgraphics/batik-transcoder/1.7/batik-transcoder-1.7.jar:/home/yatekii/.m2/repository/org/apache/xmlgraphics/fop/0.94/fop-0.94.jar:/home/yatekii/.m2/repository/org/apache/xmlgraphics/xmlgraphics-commons/1.2/xmlgraphics-commons-1.2.jar:/home/yatekii/.m2/repository/commons-io/commons-io/1.1/commons-io-1.1.jar:/home/yatekii/.m2/repository/org/apache/avalon/framework/avalon-framework-api/4.3.1/avalon-framework-api-4.3.1.jar:/home/yatekii/.m2/repository/org/apache/avalon/framework/avalon-framework-impl/4.3.1/avalon-framework-impl-4.3.1.jar:/home/yatekii/.m2/repository/org/apache/xmlgraphics/batik-bridge/1.7/batik-bridge-1.7.jar:/home/yatekii/.m2/repository/org/apache/xmlgraphics/batik-anim/1.7/batik-anim-1.7.jar:/home/yatekii/.m2/repository/org/apache/xmlgraphics/batik-parser/1.7/batik-parser-1.7.jar:/home/yatekii/.m2/repository/org/apache/xmlgraphics/batik-script/1.7/batik-script-1.7.jar:/home/yatekii/.m2/repository/org/apache/xmlgraphics/batik-js/1.7/batik-js-1.7.jar:/home/yatekii/.m2/repository/org/apache/xmlgraphics/batik-gvt/1.7/batik-gvt-1.7.jar:/home/yatekii/.m2/repository/org/apache/xmlgraphics/batik-svg-dom/1.7/batik-svg-dom-1.7.jar:"/>
    <property name="java.vm.vendor" value="Oracle Corporation"/>
    <property name="sun.arch.data.model" value="64"/>
    <property name="java.vendor.url" value="https://java.oracle.com/"/>
    <property name="os.name" value="Linux"/>
    <property name="java.vm.specification.version" value="13"/>
    <property name="sun.java.launcher" value="SUN_STANDARD"/>
    <property name="user.country" value="US"/>
    <property name="sun.boot.library.path" value="/opt/jdk-13/lib"/>
    <property name="sun.java.command" value="/home/yatekii/repos/geckocircuits-code/gecko/target/surefire/surefirebooter16988945227313831362.jar /home/yatekii/repos/geckocircuits-code/gecko/target/surefire 2019-10-17T18-26-33_960-jvmRun1 surefire2384992996959228037tmp surefire_018040095565521318105tmp"/>
    <property name="jdk.debug" value="release"/>
    <property name="surefire.test.class.path" value="/home/yatekii/repos/geckocircuits-code/gecko/target/test-classes:/home/yatekii/repos/geckocircuits-code/gecko/target/classes:/home/yatekii/.m2/repository/junit/junit/3.8.1/junit-3.8.1.jar:/home/yatekii/.m2/repository/de/sciss/jsyntaxpane/1.0.0/jsyntaxpane-1.0.0.jar:/home/yatekii/.m2/repository/edu/emory/mathcs/JTransforms/2.4/JTransforms-2.4.jar:/home/yatekii/.m2/repository/net/sourceforge/jwbf/3.1.1/jwbf-3.1.1.jar:/home/yatekii/.m2/repository/org/jdom/jdom2/2.0.5/jdom2-2.0.5.jar:/home/yatekii/.m2/repository/com/fasterxml/jackson/core/jackson-core/2.4.3/jackson-core-2.4.3.jar:/home/yatekii/.m2/repository/com/fasterxml/jackson/core/jackson-databind/2.4.3/jackson-databind-2.4.3.jar:/home/yatekii/.m2/repository/com/fasterxml/jackson/core/jackson-annotations/2.4.0/jackson-annotations-2.4.0.jar:/home/yatekii/.m2/repository/org/apache/httpcomponents/httpclient/4.3.4/httpclient-4.3.4.jar:/home/yatekii/.m2/repository/org/apache/httpcomponents/httpcore/4.3.2/httpcore-4.3.2.jar:/home/yatekii/.m2/repository/commons-logging/commons-logging/1.1.3/commons-logging-1.1.3.jar:/home/yatekii/.m2/repository/commons-codec/commons-codec/1.6/commons-codec-1.6.jar:/home/yatekii/.m2/repository/org/apache/httpcomponents/fluent-hc/4.3.4/fluent-hc-4.3.4.jar:/home/yatekii/.m2/repository/org/apache/httpcomponents/httpmime/4.3.4/httpmime-4.3.4.jar:/home/yatekii/.m2/repository/org/apache/commons/commons-lang3/3.3.2/commons-lang3-3.3.2.jar:/home/yatekii/.m2/repository/org/slf4j/slf4j-api/1.7.7/slf4j-api-1.7.7.jar:/home/yatekii/.m2/repository/javax/inject/javax.inject/1/javax.inject-1.jar:/home/yatekii/.m2/repository/com/google/guava/guava/18.0/guava-18.0.jar:/home/yatekii/.m2/repository/com/google/code/findbugs/jsr305/3.0.0/jsr305-3.0.0.jar:/home/yatekii/.m2/repository/log4j/log4j/1.2.17/log4j-1.2.17.jar:/home/yatekii/.m2/repository/org/apache/xmlgraphics/batik-svggen/1.7/batik-svggen-1.7.jar:/home/yatekii/.m2/repository/org/apache/xmlgraphics/batik-awt-util/1.7/batik-awt-util-1.7.jar:/home/yatekii/.m2/repository/org/apache/xmlgraphics/batik-util/1.7/batik-util-1.7.jar:/home/yatekii/.m2/repository/xml-apis/xml-apis/1.3.04/xml-apis-1.3.04.jar:/home/yatekii/.m2/repository/org/apache/xmlgraphics/batik-dom/1.7/batik-dom-1.7.jar:/home/yatekii/.m2/repository/org/apache/xmlgraphics/batik-css/1.7/batik-css-1.7.jar:/home/yatekii/.m2/repository/org/apache/xmlgraphics/batik-ext/1.7/batik-ext-1.7.jar:/home/yatekii/.m2/repository/org/apache/xmlgraphics/batik-xml/1.7/batik-xml-1.7.jar:/home/yatekii/.m2/repository/xalan/xalan/2.6.0/xalan-2.6.0.jar:/home/yatekii/.m2/repository/xml-apis/xml-apis-ext/1.3.04/xml-apis-ext-1.3.04.jar:/home/yatekii/.m2/repository/org/apache/xmlgraphics/batik-transcoder/1.7/batik-transcoder-1.7.jar:/home/yatekii/.m2/repository/org/apache/xmlgraphics/fop/0.94/fop-0.94.jar:/home/yatekii/.m2/repository/org/apache/xmlgraphics/xmlgraphics-commons/1.2/xmlgraphics-commons-1.2.jar:/home/yatekii/.m2/repository/commons-io/commons-io/1.1/commons-io-1.1.jar:/home/yatekii/.m2/repository/org/apache/avalon/framework/avalon-framework-api/4.3.1/avalon-framework-api-4.3.1.jar:/home/yatekii/.m2/repository/org/apache/avalon/framework/avalon-framework-impl/4.3.1/avalon-framework-impl-4.3.1.jar:/home/yatekii/.m2/repository/org/apache/xmlgraphics/batik-bridge/1.7/batik-bridge-1.7.jar:/home/yatekii/.m2/repository/org/apache/xmlgraphics/batik-anim/1.7/batik-anim-1.7.jar:/home/yatekii/.m2/repository/org/apache/xmlgraphics/batik-parser/1.7/batik-parser-1.7.jar:/home/yatekii/.m2/repository/org/apache/xmlgraphics/batik-script/1.7/batik-script-1.7.jar:/home/yatekii/.m2/repository/org/apache/xmlgraphics/batik-js/1.7/batik-js-1.7.jar:/home/yatekii/.m2/repository/org/apache/xmlgraphics/batik-gvt/1.7/batik-gvt-1.7.jar:/home/yatekii/.m2/repository/org/apache/xmlgraphics/batik-svg-dom/1.7/batik-svg-dom-1.7.jar:"/>
    <property name="sun.cpu.endian" value="little"/>
    <property name="user.home" value="/home/yatekii"/>
    <property name="user.language" value="en"/>
    <property name="java.specification.vendor" value="Oracle Corporation"/>
    <property name="java.version.date" value="2019-09-17"/>
    <property name="java.home" value="/opt/jdk-13"/>
    <property name="file.separator" value="/"/>
    <property name="basedir" value="/home/yatekii/repos/geckocircuits-code/gecko"/>
    <property name="java.vm.compressedOopsMode" value="Zero based"/>
    <property name="line.separator" value="&#10;"/>
    <property name="java.vm.specification.vendor" value="Oracle Corporation"/>
    <property name="java.specification.name" value="Java Platform API Specification"/>
    <property name="surefire.real.class.path" value="/home/yatekii/repos/geckocircuits-code/gecko/target/surefire/surefirebooter16988945227313831362.jar"/>
    <property name="sun.management.compiler" value="HotSpot 64-Bit Tiered Compilers"/>
    <property name="java.runtime.version" value="13+33"/>
    <property name="user.name" value="yatekii"/>
    <property name="path.separator" value=":"/>
    <property name="os.version" value="5.0.0-32-generic"/>
    <property name="java.runtime.name" value="OpenJDK Runtime Environment"/>
    <property name="file.encoding" value="UTF-8"/>
    <property name="java.vm.name" value="OpenJDK 64-Bit Server VM"/>
    <property name="localRepository" value="/home/yatekii/.m2/repository"/>
    <property name="java.vendor.url.bug" value="https://bugreport.java.com/bugreport/"/>
    <property name="java.io.tmpdir" value="/tmp"/>
    <property name="java.version" value="13"/>
    <property name="user.dir" value="/home/yatekii/repos/geckocircuits-code/gecko"/>
    <property name="os.arch" value="amd64"/>
    <property name="java.vm.specification.name" value="Java Virtual Machine Specification"/>
    <property name="java.library.path" value="/usr/java/packages/lib:/usr/lib64:/lib64:/lib:/usr/lib"/>
    <property name="java.vm.info" value="mixed mode, sharing"/>
    <property name="java.vendor" value="Oracle Corporation"/>
    <property name="java.vm.version" value="13+33"/>
    <property name="sun.io.unicode.encoding" value="UnicodeLittle"/>
    <property name="java.class.version" value="57.0"/>
  </properties>
  <testcase name="testApp" classname="com.technokrat.gecko.AppTest" time="0"/>
</testsuite>